<?xml version="1.0" encoding="UTF-8"?>
<testsuite name="com.example.ecommerce.domain.order.OrderUseCaseTest" tests="6" skipped="0" failures="0" errors="0" timestamp="2026-01-04T11:56:52.908Z" hostname="unitytech-Office" time="0.005">
  <properties/>
  <testcase name="shouldExposeItemsAsUnmodifiableList()" classname="com.example.ecommerce.domain.order.OrderUseCaseTest" time="0.001"/>
  <testcase name="shouldAllowCreatingOrderWithEmptyItemList()" classname="com.example.ecommerce.domain.order.OrderUseCaseTest" time="0.001"/>
  <testcase name="shouldGenerateNewOrderId()" classname="com.example.ecommerce.domain.order.OrderUseCaseTest" time="0.001"/>
  <testcase name="shouldNotAllowNullOrderIdValue()" classname="com.example.ecommerce.domain.order.OrderUseCaseTest" time="0.001"/>
  <testcase name="shouldCreateOrderItem()" classname="com.example.ecommerce.domain.order.OrderUseCaseTest" time="0.0"/>
  <testcase name="shouldCreateOrderWithItems()" classname="com.example.ecommerce.domain.order.OrderUseCaseTest" time="0.001"/>
  <system-out><![CDATA[]]></system-out>
  <system-err><![CDATA[]]></system-err>
</testsuite>
