<?xml version="1.0" encoding="UTF-8"?>
<testsuite name="com.example.ecommerce.infrastructure.web.order.OrderControllerTest" tests="2" skipped="0" failures="0" errors="0" timestamp="2026-01-04T11:56:52.299Z" hostname="unitytech-Office" time="0.591">
  <properties/>
  <testcase name="shouldNotAllowPayingAlreadyPaidOrder()" classname="com.example.ecommerce.infrastructure.web.order.OrderControllerTest" time="0.562"/>
  <testcase name="shouldReturnOrderById()" classname="com.example.ecommerce.infrastructure.web.order.OrderControllerTest" time="0.027"/>
  <system-out><![CDATA[08:56:51.382 [Test worker] INFO org.springframework.test.context.support.AnnotationConfigContextLoaderUtils -- Could not detect default configuration classes for test class [com.example.ecommerce.infrastructure.web.order.OrderControllerTest]: OrderControllerTest does not declare any static, non-private, non-final, nested classes annotated with @Configuration.
08:56:51.477 [Test worker] INFO org.springframework.boot.test.context.SpringBootTestContextBootstrapper -- Found @SpringBootConfiguration com.example.ecommerce.EcommerceApplication for test class com.example.ecommerce.infrastructure.web.order.OrderControllerTest

  .   ____          _            __ _ _
 /\\ / ___'_ __ _ _(_)_ __  __ _ \ \ \ \
( ( )\___ | '_ | '_| | '_ \/ _` | \ \ \ \
 \\/  ___)| |_)| | | | | || (_| |  ) ) ) )
  '  |____| .__|_| |_|_| |_\__, | / / / /
 =========|_|==============|___/=/_/_/_/

 :: Spring Boot ::                (v3.3.5)

2026-01-04T08:56:51.697-03:00  INFO 50171 --- [    Test worker] c.e.e.i.web.order.OrderControllerTest    : Starting OrderControllerTest using Java 21.0.9 with PID 50171 (started by unitytech in /home/unitytech/UnityTech/Apps/ecomm-app-java)
2026-01-04T08:56:51.698-03:00  INFO 50171 --- [    Test worker] c.e.e.i.web.order.OrderControllerTest    : No active profile set, falling back to 1 default profile: "default"
2026-01-04T08:56:52.275-03:00  INFO 50171 --- [    Test worker] o.s.b.t.m.w.SpringBootMockServletContext : Initializing Spring TestDispatcherServlet ''
2026-01-04T08:56:52.275-03:00  INFO 50171 --- [    Test worker] o.s.t.web.servlet.TestDispatcherServlet  : Initializing Servlet ''
2026-01-04T08:56:52.277-03:00  INFO 50171 --- [    Test worker] o.s.t.web.servlet.TestDispatcherServlet  : Completed initialization in 1 ms
2026-01-04T08:56:52.293-03:00  INFO 50171 --- [    Test worker] c.e.e.i.web.order.OrderControllerTest    : Started OrderControllerTest in 0.77 seconds (process running for 1.422)
]]></system-out>
  <system-err><![CDATA[WARNING: A Java agent has been loaded dynamically (/home/unitytech/.gradle/caches/modules-2/files-2.1/net.bytebuddy/byte-buddy-agent/1.14.19/154da3a65b4f4a909d3e5bdec55d1b2b4cbb6ce1/byte-buddy-agent-1.14.19.jar)
WARNING: If a serviceability tool is in use, please run with -XX:+EnableDynamicAgentLoading to hide this warning
WARNING: If a serviceability tool is not in use, please run with -Djdk.instrument.traceUsage for more information
WARNING: Dynamic loading of agents will be disallowed by default in a future release
]]></system-err>
</testsuite>
