<?xml version="1.0" encoding="UTF-8"?>
<testsuite name="com.example.ecommerce.infrastructure.web.order.OrderControllerTest" tests="2" skipped="0" failures="0" errors="0" timestamp="2026-01-08T20:12:17.309Z" hostname="unitytech-office" time="0.039">
  <properties/>
  <testcase name="shouldNotAllowPayingAlreadyPaidOrder()" classname="com.example.ecommerce.infrastructure.web.order.OrderControllerTest" time="0.008"/>
  <testcase name="shouldReturnOrderById()" classname="com.example.ecommerce.infrastructure.web.order.OrderControllerTest" time="0.03"/>
  <system-out><![CDATA[2026-01-08T17:12:17.060-03:00  INFO 38665 --- [    Test worker] t.c.s.AnnotationConfigContextLoaderUtils : Could not detect default configuration classes for test class [com.example.ecommerce.infrastructure.web.order.OrderControllerTest]: OrderControllerTest does not declare any static, non-private, non-final, nested classes annotated with @Configuration.
2026-01-08T17:12:17.078-03:00  INFO 38665 --- [    Test worker] .b.t.c.SpringBootTestContextBootstrapper : Found @SpringBootConfiguration com.example.ecommerce.EcommerceApplication for test class com.example.ecommerce.infrastructure.web.order.OrderControllerTest

  .   ____          _            __ _ _
 /\\ / ___'_ __ _ _(_)_ __  __ _ \ \ \ \
( ( )\___ | '_ | '_| | '_ \/ _` | \ \ \ \
 \\/  ___)| |_)| | | | | || (_| |  ) ) ) )
  '  |____| .__|_| |_|_| |_\__, | / / / /
 =========|_|==============|___/=/_/_/_/

 :: Spring Boot ::                (v3.3.5)

2026-01-08T17:12:17.097-03:00  INFO 38665 --- [    Test worker] c.e.e.i.web.order.OrderControllerTest    : Starting OrderControllerTest using Java 21.0.9 with PID 38665 (started by unitytech in /home/unitytech/UnityTech/Apps/ecomm-app-java)
2026-01-08T17:12:17.097-03:00  INFO 38665 --- [    Test worker] c.e.e.i.web.order.OrderControllerTest    : No active profile set, falling back to 1 default profile: "default"
2026-01-08T17:12:17.290-03:00  WARN 38665 --- [    Test worker] .s.s.UserDetailsServiceAutoConfiguration : 

Using generated security password: 8a8588ed-ef09-49b2-91bd-1e3bfb9a08fc

This generated password is for development use only. Your security configuration must be updated before running your application in production.

2026-01-08T17:12:17.291-03:00  INFO 38665 --- [    Test worker] r$InitializeUserDetailsManagerConfigurer : Global AuthenticationManager configured with UserDetailsService bean with name inMemoryUserDetailsManager
2026-01-08T17:12:17.302-03:00  INFO 38665 --- [    Test worker] o.s.b.t.m.w.SpringBootMockServletContext : Initializing Spring TestDispatcherServlet ''
2026-01-08T17:12:17.302-03:00  INFO 38665 --- [    Test worker] o.s.t.web.servlet.TestDispatcherServlet  : Initializing Servlet ''
2026-01-08T17:12:17.302-03:00  INFO 38665 --- [    Test worker] o.s.t.web.servlet.TestDispatcherServlet  : Completed initialization in 0 ms
2026-01-08T17:12:17.306-03:00  INFO 38665 --- [    Test worker] c.e.e.i.web.order.OrderControllerTest    : Started OrderControllerTest in 0.225 seconds (process running for 2.787)
]]></system-out>
  <system-err><![CDATA[]]></system-err>
</testsuite>
