<?xml version="1.0" encoding="UTF-8"?>
<testsuite name="com.example.ecommerce.domain.cart.CartTest" tests="9" skipped="0" failures="0" errors="0" timestamp="2026-01-04T11:56:52.902Z" hostname="unitytech-Office" time="0.005">
  <properties/>
  <testcase name="shouldThrowWhenRemovingNonExistingItem()" classname="com.example.ecommerce.domain.cart.CartTest" time="0.001"/>
  <testcase name="shouldUpdateItemQuantity()" classname="com.example.ecommerce.domain.cart.CartTest" time="0.0"/>
  <testcase name="shouldThrowExceptionWhenAddingInvalidQuantity()" classname="com.example.ecommerce.domain.cart.CartTest" time="0.001"/>
  <testcase name="shouldAddNewItemToCart()" classname="com.example.ecommerce.domain.cart.CartTest" time="0.001"/>
  <testcase name="shouldRemoveItem()" classname="com.example.ecommerce.domain.cart.CartTest" time="0.0"/>
  <testcase name="shouldRehydrateCartWithoutApplyingBusinessRules()" classname="com.example.ecommerce.domain.cart.CartTest" time="0.001"/>
  <testcase name="shouldIncreaseQuantityWhenAddingSameProduct()" classname="com.example.ecommerce.domain.cart.CartTest" time="0.0"/>
  <testcase name="shouldThrowWhenUpdatingNonExistingItem()" classname="com.example.ecommerce.domain.cart.CartTest" time="0.0"/>
  <testcase name="shouldClearCart()" classname="com.example.ecommerce.domain.cart.CartTest" time="0.0"/>
  <system-out><![CDATA[]]></system-out>
  <system-err><![CDATA[]]></system-err>
</testsuite>
