<?xml version="1.0" encoding="UTF-8"?>
<testsuite name="com.example.ecommerce.application.order.PlaceOrderFromCartUseCaseTest" tests="2" skipped="0" failures="0" errors="0" timestamp="2026-01-04T11:56:52.898Z" hostname="unitytech-Office" time="0.003">
  <properties/>
  <testcase name="shouldPlaceOrderFromCartAndClearCart()" classname="com.example.ecommerce.application.order.PlaceOrderFromCartUseCaseTest" time="0.002"/>
  <testcase name="shouldThrowWhenCartIsEmpty()" classname="com.example.ecommerce.application.order.PlaceOrderFromCartUseCaseTest" time="0.001"/>
  <system-out><![CDATA[]]></system-out>
  <system-err><![CDATA[]]></system-err>
</testsuite>
