<?xml version="1.0" encoding="UTF-8"?>
<testsuite name="com.example.ecommerce.application.order.PlaceOrderFromCartUseCaseTest" tests="1" skipped="0" failures="0" errors="0" timestamp="2026-01-08T20:12:14.991Z" hostname="unitytech-office" time="0.003">
  <properties/>
  <testcase name="shouldPlaceOrderFromCartAndClearCart()" classname="com.example.ecommerce.application.order.PlaceOrderFromCartUseCaseTest" time="0.003"/>
  <system-out><![CDATA[]]></system-out>
  <system-err><![CDATA[]]></system-err>
</testsuite>
