<?xml version="1.0" encoding="UTF-8"?>
<testsuite name="com.example.ecommerce.domain.order.OrderTest" tests="3" skipped="0" failures="0" errors="0" timestamp="2026-01-08T20:12:15.005Z" hostname="unitytech-office" time="0.002">
  <properties/>
  <testcase name="shouldRegisterOrderCreatedEvent()" classname="com.example.ecommerce.domain.order.OrderTest" time="0.001"/>
  <testcase name="shouldRegisterOrderPaidEvent()" classname="com.example.ecommerce.domain.order.OrderTest" time="0.0"/>
  <testcase name="shouldThrowWhenPayingAlreadyPaidOrder()" classname="com.example.ecommerce.domain.order.OrderTest" time="0.001"/>
  <system-out><![CDATA[]]></system-out>
  <system-err><![CDATA[]]></system-err>
</testsuite>
