<?xml version="1.0" encoding="UTF-8"?>
<testsuite name="com.example.ecommerce.infrastructure.web.cart.CartControllerTest" tests="5" skipped="0" failures="0" errors="0" timestamp="2026-01-08T20:12:16.902Z" hostname="unitytech-office" time="0.154">
  <properties/>
  <testcase name="shouldUpdateItemQuantity()" classname="com.example.ecommerce.infrastructure.web.cart.CartControllerTest" time="0.102"/>
  <testcase name="shouldAddItemToCart()" classname="com.example.ecommerce.infrastructure.web.cart.CartControllerTest" time="0.011"/>
  <testcase name="shouldReturn404WhenUpdatingNonExistingCart()" classname="com.example.ecommerce.infrastructure.web.cart.CartControllerTest" time="0.024"/>
  <testcase name="shouldRemoveItemFromCart()" classname="com.example.ecommerce.infrastructure.web.cart.CartControllerTest" time="0.006"/>
  <testcase name="shouldClearCart()" classname="com.example.ecommerce.infrastructure.web.cart.CartControllerTest" time="0.005"/>
  <system-out><![CDATA[17:12:15.109 [Test worker] INFO org.springframework.test.context.support.AnnotationConfigContextLoaderUtils -- Could not detect default configuration classes for test class [com.example.ecommerce.infrastructure.web.cart.CartControllerTest]: CartControllerTest does not declare any static, non-private, non-final, nested classes annotated with @Configuration.
17:12:15.215 [Test worker] INFO org.springframework.boot.test.context.SpringBootTestContextBootstrapper -- Found @SpringBootConfiguration com.example.ecommerce.EcommerceApplication for test class com.example.ecommerce.infrastructure.web.cart.CartControllerTest

  .   ____          _            __ _ _
 /\\ / ___'_ __ _ _(_)_ __  __ _ \ \ \ \
( ( )\___ | '_ | '_| | '_ \/ _` | \ \ \ \
 \\/  ___)| |_)| | | | | || (_| |  ) ) ) )
  '  |____| .__|_| |_|_| |_\__, | / / / /
 =========|_|==============|___/=/_/_/_/

 :: Spring Boot ::                (v3.3.5)

2026-01-08T17:12:15.411-03:00  INFO 38665 --- [    Test worker] c.e.e.i.web.cart.CartControllerTest      : Starting CartControllerTest using Java 21.0.9 with PID 38665 (started by unitytech in /home/unitytech/UnityTech/Apps/ecomm-app-java)
2026-01-08T17:12:15.412-03:00  INFO 38665 --- [    Test worker] c.e.e.i.web.cart.CartControllerTest      : No active profile set, falling back to 1 default profile: "default"
2026-01-08T17:12:16.772-03:00  WARN 38665 --- [    Test worker] .s.s.UserDetailsServiceAutoConfiguration : 

Using generated security password: 7120f34f-b816-4eb9-b98f-ac069c36a0d3

This generated password is for development use only. Your security configuration must be updated before running your application in production.

2026-01-08T17:12:16.784-03:00  INFO 38665 --- [    Test worker] r$InitializeUserDetailsManagerConfigurer : Global AuthenticationManager configured with UserDetailsService bean with name inMemoryUserDetailsManager
2026-01-08T17:12:16.874-03:00  INFO 38665 --- [    Test worker] o.s.b.t.m.w.SpringBootMockServletContext : Initializing Spring TestDispatcherServlet ''
2026-01-08T17:12:16.874-03:00  INFO 38665 --- [    Test worker] o.s.t.web.servlet.TestDispatcherServlet  : Initializing Servlet ''
2026-01-08T17:12:16.875-03:00  INFO 38665 --- [    Test worker] o.s.t.web.servlet.TestDispatcherServlet  : Completed initialization in 1 ms
2026-01-08T17:12:16.894-03:00  INFO 38665 --- [    Test worker] c.e.e.i.web.cart.CartControllerTest      : Started CartControllerTest in 1.641 seconds (process running for 2.375)
]]></system-out>
  <system-err><![CDATA[WARNING: A Java agent has been loaded dynamically (/home/unitytech/.gradle/caches/modules-2/files-2.1/net.bytebuddy/byte-buddy-agent/1.14.19/154da3a65b4f4a909d3e5bdec55d1b2b4cbb6ce1/byte-buddy-agent-1.14.19.jar)
WARNING: If a serviceability tool is in use, please run with -XX:+EnableDynamicAgentLoading to hide this warning
WARNING: If a serviceability tool is not in use, please run with -Djdk.instrument.traceUsage for more information
WARNING: Dynamic loading of agents will be disallowed by default in a future release
]]></system-err>
</testsuite>
